<?xml version="1.0" encoding="UTF-8"?>
<!-- Generated by org.testng.reporters.JUnitXMLReporter -->
<testsuite ignored="0" hostname="DESKTOP-1ABT9ES" failures="1" tests="4" name="Test" time="11.465" errors="0" timestamp="2023-03-30T17:06:14 IST">
  <testcase classname="Practice_package.TS_01" name="testscript1" time="0.008">
    <skipped/>
  </testcase> <!-- testscript1 -->
  <testcase classname="Practice_package.TS_01" name="testscript1" time="0.001">
    <skipped/>
  </testcase> <!-- testscript1 -->
  <testcase classname="Practice_package.TS_01" name="testscript1" time="0.001">
    <skipped/>
  </testcase> <!-- testscript1 -->
  <testcase classname="Practice_package.TS_01" name="testscript1" time="0.002">
    <failure type="java.lang.AssertionError" message="null">
      <![CDATA[java.lang.AssertionError: null
at Practice_package.TS_01.testscript1(TS_01.java:14)
at java.base/java.util.ArrayList.forEach(ArrayList.java:1511)
... Removed 29 stack frames]]>
    </failure>
  </testcase> <!-- testscript1 -->
</testsuite> <!-- Test -->
